============================================================= test session starts =============================================================
platform linux -- Python 3.12.3, pytest-8.3.5, pluggy-1.5.0
rootdir: /home/lcs/Testing/Manhattan_Distance_Kata
collected 1 item

tests/test_manhattan_distance.py .                                                                                                      [100%]

============================================================== 1 passed in 0.01s ==============================================================